[RenderHeader] Not handled
[Document] Not Handled
[cr()] LH=14
[Heading (1, entering)] {1  false}
-[Text] mdtopdf
-[Heading (leaving)] 
-[cr()] LH=29
[Paragraph (entering)] 
[... Margins (left, top, right, bottom:] 28.35 28.35 28.35 56.7
[cr()] LH=14
[Text] 
-[Link (entering)] Destination[https://godoc.org/github.com/mandolyte/mdtopdf] Title[]
-[Text] 
-[Image (entering)] Destination[https://godoc.org/github.com/mandolyte/mdtopdf?status.svg] Title[]
-[Image (file error)] stat https://godoc.org/github.com/mandolyte/mdtopdf?status.svg: no such file or directory
-[Text] GoDoc
-[Image (leaving)] 
-[Link (leaving)] 
[Paragraph (leaving)] 
[... Margins (left, top, right, bottom:] 28.35 28.35 28.35 56.7
[cr()] LH=14
[cr()] LH=14
[Heading (2, entering)] {2  false}
-[Text] Introduction: Markdown to PDF
-[Heading (leaving)] 
-[cr()] LH=27
[Paragraph (entering)] 
[... Margins (left, top, right, bottom:] 28.35 28.35 28.35 56.7
[cr()] LH=14
[Text] This package depends on two other packages:
[Paragraph (leaving)] 
[... Margins (left, top, right, bottom:] 28.35 28.35 28.35 56.7
[cr()] LH=14
[Unordered List (entering)] {16 true 0 0 [] false}
[... List Left Margin] set to 58.338
-[Unordered Item (entering) #1] {16 false 45 46 [] false}
-[cr()] LH=14
--[Paragraph (entering)] 
--[... Margins (left, top, right, bottom:] 98.322 28.35 28.35 56.7
--[First Para within a list] breaking
--[Text] The BlackFriday v2 parser to read the markdown source
--[Paragraph (leaving)] 
--[... Margins (left, top, right, bottom:] 98.322 28.35 28.35 56.7
--[Unordered Item (leaving)] {16 false 45 46 [] false}
-[Unordered Item (entering) #2] {32 false 45 46 [] false}
-[cr()] LH=14
--[Paragraph (entering)] 
--[... Margins (left, top, right, bottom:] 98.322 28.35 28.35 56.7
--[First Para within a list] breaking
--[Text] The 
--[Code] 
--[Text]  packace to generate the PDF
--[Paragraph (leaving)] 
--[... Margins (left, top, right, bottom:] 98.322 28.35 28.35 56.7
--[Unordered Item (leaving)] {32 false 45 46 [] false}
-[Unordered List (leaving)] {16 true 0 0 [] false}
-[... Reset List Left Margin] re-set to 28.35
[cr()] LH=14
[Paragraph (entering)] 
[... Margins (left, top, right, bottom:] 28.35 28.35 28.35 56.7
[cr()] LH=14
[Text] Both of the above are documented at Go Docs [
-[Link (entering)] Destination[http://godocs.org] Title[]
-[Text] http://godocs.org
-[Link (leaving)] 
[Text] ].
[Paragraph (leaving)] 
[... Margins (left, top, right, bottom:] 28.35 28.35 28.35 56.7
[cr()] LH=14
[Paragraph (entering)] 
[... Margins (left, top, right, bottom:] 28.35 28.35 28.35 56.7
[cr()] LH=14
[Text] The tests included here are from the BlackFriday package. See the "testdata" folder. The tests create PDF files and thus while the tests may complete without errors, visual inspection of the created PDF is the only way to determine if the tests 
[Emph (entering)] 
[Text] really
[Emph (leaving)] 
[Text]  pass!
[Paragraph (leaving)] 
[... Margins (left, top, right, bottom:] 28.35 28.35 28.35 56.7
[cr()] LH=14
[Paragraph (entering)] 
[... Margins (left, top, right, bottom:] 28.35 28.35 28.35 56.7
[cr()] LH=14
[Text] The tests create log files that trace the BlackFriday parser callbacks. This is a valuable debug tool showing each callback and data provided in each while the AST is presented.
[Paragraph (leaving)] 
[... Margins (left, top, right, bottom:] 28.35 28.35 28.35 56.7
[cr()] LH=14
[cr()] LH=14
[Heading (2, entering)] {2  false}
-[Text] Supported Markdown
-[Heading (leaving)] 
-[cr()] LH=27
[Paragraph (entering)] 
[... Margins (left, top, right, bottom:] 28.35 28.35 28.35 56.7
[cr()] LH=14
[Text] The supported elements of markdown are:
[Paragraph (leaving)] 
[... Margins (left, top, right, bottom:] 28.35 28.35 28.35 56.7
[cr()] LH=14
[Unordered List (entering)] {16 true 0 0 [] false}
[... List Left Margin] set to 58.338
-[Unordered Item (entering) #1] {16 false 45 46 [] false}
-[cr()] LH=14
--[Paragraph (entering)] 
--[... Margins (left, top, right, bottom:] 98.322 28.35 28.35 56.7
--[First Para within a list] breaking
--[Text] Emphasized and strong text
--[Paragraph (leaving)] 
--[... Margins (left, top, right, bottom:] 98.322 28.35 28.35 56.7
--[Unordered Item (leaving)] {16 false 45 46 [] false}
-[Unordered Item (entering) #2] {0 false 45 46 [] false}
-[cr()] LH=14
--[Paragraph (entering)] 
--[... Margins (left, top, right, bottom:] 98.322 28.35 28.35 56.7
--[First Para within a list] breaking
--[Text] Headings 1-6
--[Paragraph (leaving)] 
--[... Margins (left, top, right, bottom:] 98.322 28.35 28.35 56.7
--[Unordered Item (leaving)] {0 false 45 46 [] false}
-[Unordered Item (entering) #3] {0 false 45 46 [] false}
-[cr()] LH=14
--[Paragraph (entering)] 
--[... Margins (left, top, right, bottom:] 98.322 28.35 28.35 56.7
--[First Para within a list] breaking
--[Text] Ordered and unordered lists
--[Paragraph (leaving)] 
--[... Margins (left, top, right, bottom:] 98.322 28.35 28.35 56.7
--[Unordered Item (leaving)] {0 false 45 46 [] false}
-[Unordered Item (entering) #4] {0 false 45 46 [] false}
-[cr()] LH=14
--[Paragraph (entering)] 
--[... Margins (left, top, right, bottom:] 98.322 28.35 28.35 56.7
--[First Para within a list] breaking
--[Text] Nested lists
--[Paragraph (leaving)] 
--[... Margins (left, top, right, bottom:] 98.322 28.35 28.35 56.7
--[Unordered Item (leaving)] {0 false 45 46 [] false}
-[Unordered Item (entering) #5] {0 false 45 46 [] false}
-[cr()] LH=14
--[Paragraph (entering)] 
--[... Margins (left, top, right, bottom:] 98.322 28.35 28.35 56.7
--[First Para within a list] breaking
--[Text] Images
--[Paragraph (leaving)] 
--[... Margins (left, top, right, bottom:] 98.322 28.35 28.35 56.7
--[Unordered Item (leaving)] {0 false 45 46 [] false}
-[Unordered Item (entering) #6] {0 false 45 46 [] false}
-[cr()] LH=14
--[Paragraph (entering)] 
--[... Margins (left, top, right, bottom:] 98.322 28.35 28.35 56.7
--[First Para within a list] breaking
--[Text] Tables (but see limitations below)
--[Paragraph (leaving)] 
--[... Margins (left, top, right, bottom:] 98.322 28.35 28.35 56.7
--[Unordered Item (leaving)] {0 false 45 46 [] false}
-[Unordered Item (entering) #7] {0 false 45 46 [] false}
-[cr()] LH=14
--[Paragraph (entering)] 
--[... Margins (left, top, right, bottom:] 98.322 28.35 28.35 56.7
--[First Para within a list] breaking
--[Text] Links
--[Paragraph (leaving)] 
--[... Margins (left, top, right, bottom:] 98.322 28.35 28.35 56.7
--[Unordered Item (leaving)] {0 false 45 46 [] false}
-[Unordered Item (entering) #8] {32 false 45 46 [] false}
-[cr()] LH=14
--[Paragraph (entering)] 
--[... Margins (left, top, right, bottom:] 98.322 28.35 28.35 56.7
--[First Para within a list] breaking
--[Text] Code blocks and backticked text
--[Paragraph (leaving)] 
--[... Margins (left, top, right, bottom:] 98.322 28.35 28.35 56.7
--[Unordered Item (leaving)] {32 false 45 46 [] false}
-[Unordered List (leaving)] {16 true 0 0 [] false}
-[... Reset List Left Margin] re-set to 28.35
[cr()] LH=14
[cr()] LH=14
[Heading (2, entering)] {2  false}
-[Text] Limitations and Known Issues
-[Heading (leaving)] 
-[cr()] LH=27
[Ordered List (entering)] {17 true 0 0 [] false}
[... List Left Margin] set to 58.338
-[Ordered Item (entering) #1] {17 false 42 46 [] false}
-[cr()] LH=14
--[Paragraph (entering)] 
--[... Margins (left, top, right, bottom:] 98.322 28.35 28.35 56.7
--[First Para within a list] breaking
--[Text] It is common for Markdown to include HTML. HTML is treated as a "code block". 
--[Emph (entering)] 
--[Text] There is no attempt to convert raw HTML to PDF.
--[Emph (leaving)] 
--[Text] 
--[Paragraph (leaving)] 
--[... Margins (left, top, right, bottom:] 98.322 28.35 28.35 56.7
--[Ordered Item (leaving)] {17 false 42 46 [] false}
-[Ordered Item (entering) #2] {1 false 42 46 [] false}
-[cr()] LH=14
--[Paragraph (entering)] 
--[... Margins (left, top, right, bottom:] 98.322 28.35 28.35 56.7
--[First Para within a list] breaking
--[Text] Github-flavored Markdown permits strikethough using tildes. This is not supported at present by 
--[Code] 
--[Text]  as a font style.
--[Paragraph (leaving)] 
--[... Margins (left, top, right, bottom:] 98.322 28.35 28.35 56.7
--[Ordered Item (leaving)] {1 false 42 46 [] false}
-[Ordered Item (entering) #3] {1 false 42 46 [] false}
-[cr()] LH=14
--[Paragraph (entering)] 
--[... Margins (left, top, right, bottom:] 98.322 28.35 28.35 56.7
--[First Para within a list] breaking
--[Text] The markdown link title, which would show when converted to HTML as hover-over text, is not supported. The generated PDF will show the actual URL that will be used if clicked, but this is a function of the PDF viewer.
--[Paragraph (leaving)] 
--[... Margins (left, top, right, bottom:] 98.322 28.35 28.35 56.7
--[Ordered Item (leaving)] {1 false 42 46 [] false}
-[Ordered Item (entering) #4] {1 false 42 46 [] false}
-[cr()] LH=14
--[Paragraph (entering)] 
--[... Margins (left, top, right, bottom:] 98.322 28.35 28.35 56.7
--[First Para within a list] breaking
--[Text] Currently all levels of unordered lists use a dash for the bullet. This is a planned fix; 
---[Link (entering)] Destination[https://github.com/mandolyte/mdtopdf/issues/1] Title[]
---[Text] see here
---[Link (leaving)] 
--[Text] .
--[Paragraph (leaving)] 
--[... Margins (left, top, right, bottom:] 98.322 28.35 28.35 56.7
--[Ordered Item (leaving)] {1 false 42 46 [] false}
-[Ordered Item (entering) #5] {1 false 42 46 [] false}
-[cr()] LH=14
--[Paragraph (entering)] 
--[... Margins (left, top, right, bottom:] 98.322 28.35 28.35 56.7
--[First Para within a list] breaking
--[Text] Definition lists are not supported (not sure that markdown supports them -- I need to research this)
--[Paragraph (leaving)] 
--[... Margins (left, top, right, bottom:] 98.322 28.35 28.35 56.7
--[Ordered Item (leaving)] {1 false 42 46 [] false}
-[Ordered Item (entering) #6] {1 false 42 46 [] false}
-[cr()] LH=14
--[Paragraph (entering)] 
--[... Margins (left, top, right, bottom:] 98.322 28.35 28.35 56.7
--[First Para within a list] breaking
--[Text] The following text features may be tweaked: font, size, spacing, styile, fill color, and text color. These are exported and available via the 
--[Code] 
--[Text]  struct. Note that fill color only works if the text is ouput using CellFormat(). This is the case for: tables, codeblocks, and backticked text.
--[Paragraph (leaving)] 
--[... Margins (left, top, right, bottom:] 98.322 28.35 28.35 56.7
--[Ordered Item (leaving)] {1 false 42 46 [] false}
-[Ordered Item (entering) #7] {33 false 42 46 [] false}
-[cr()] LH=14
--[Paragraph (entering)] 
--[... Margins (left, top, right, bottom:] 98.322 28.35 28.35 56.7
--[First Para within a list] breaking
--[Text] Tables are supported, but no attempt is made to ensure fit. You can, however, change the font size and spacing to make it smaller. See example
--[Paragraph (leaving)] 
--[... Margins (left, top, right, bottom:] 98.322 28.35 28.35 56.7
--[Ordered Item (leaving)] {33 false 42 46 [] false}
-[Ordered List (leaving)] {17 true 0 0 [] false}
-[... Reset List Left Margin] re-set to 28.35
[cr()] LH=14
[cr()] LH=14
[Heading (2, entering)] {2  false}
-[Text] Installation
-[Heading (leaving)] 
-[cr()] LH=27
[Paragraph (entering)] 
[... Margins (left, top, right, bottom:] 28.35 28.35 28.35 56.7
[cr()] LH=14
[Text] To install the package, run the usual 
[Code] 
[Text] :
[Paragraph (leaving)] 
[... Margins (left, top, right, bottom:] 28.35 28.35 28.35 56.7
[cr()] LH=14
[Codeblock] {true [] 0 0 0}
[cr()] LH=14
[cr()] LH=14
[Heading (2, entering)] {2  false}
-[Text] Quick start
-[Heading (leaving)] 
-[cr()] LH=27
[Paragraph (entering)] 
[... Margins (left, top, right, bottom:] 28.35 28.35 28.35 56.7
[cr()] LH=14
[Text] In the 
[Code] 
[Text]  folder is an example using the package. It demonstrates a number of features. The test PDF was created with this command:
[Paragraph (leaving)] 
[... Margins (left, top, right, bottom:] 28.35 28.35 28.35 56.7
[cr()] LH=14
[Codeblock] {true [] 0 0 0}
[cr()] LH=14
[Document] Not Handled
[RenderFooter] Not handled
